<?xml version="1.0" encoding="UTF-8"?>
<!-- Generated by org.testng.reporters.JUnitXMLReporter -->
<testsuite ignored="0" hostname="DESKTOP-A3C766P" failures="0" tests="2" name="Test" time="0.08" errors="0" timestamp="2023-05-31T15:21:50 IST">
  <testcase classname="GenericsBank.BaseclassUtility" name="@BeforeSuite connectToDatabase" time="0.272">
    <failure type="java.sql.SQLSyntaxErrorException" message="Unknown database &amp;apos;tyss&amp;apos;">
      <![CDATA[java.sql.SQLSyntaxErrorException: Unknown database 'tyss'
at com.mysql.cj.jdbc.exceptions.SQLError.createSQLException(SQLError.java:121)
at com.mysql.cj.jdbc.exceptions.SQLExceptionsMapping.translateException(SQLExceptionsMapping.java:122)
at com.mysql.cj.jdbc.ConnectionImpl.createNewIO(ConnectionImpl.java:825)
at com.mysql.cj.jdbc.ConnectionImpl.<init>(ConnectionImpl.java:446)
at com.mysql.cj.jdbc.ConnectionImpl.getInstance(ConnectionImpl.java:239)
at com.mysql.cj.jdbc.NonRegisteringDriver.connect(NonRegisteringDriver.java:188)
at java.sql/java.sql.DriverManager.getConnection(DriverManager.java:681)
at java.sql/java.sql.DriverManager.getConnection(DriverManager.java:229)
at GenericsBank.DataBaseUtility.connect_To_Database(DataBaseUtility.java:22)
at GenericsBank.BaseclassUtility.connectToDatabase(BaseclassUtility.java:23)
... Removed 19 stack frames]]>
    </failure>
  </testcase> <!-- @BeforeSuite connectToDatabase -->
  <testcase classname="GenericsBank.BaseclassUtility" name="@BeforeSuite disconnectFromDatabase" time="0.0">
    <skipped/>
  </testcase> <!-- @BeforeSuite disconnectFromDatabase -->
  <testcase classname="GenericsBank.BaseclassUtility" name="@BeforeClass launchBrowser" time="0.0">
    <skipped/>
  </testcase> <!-- @BeforeClass launchBrowser -->
  <testcase classname="GenericsBank.BaseclassUtility" name="@BeforeMethod launchApplication" time="0.0">
    <skipped/>
  </testcase> <!-- @BeforeMethod launchApplication -->
  <testcase classname="GenericsBank.BaseclassUtility" name="@AfterMethod closeApplication" time="0.0">
    <skipped/>
  </testcase> <!-- @AfterMethod closeApplication -->
  <testcase classname="GenericsBank.BaseclassUtility" name="@BeforeMethod launchApplication" time="0.0">
    <skipped/>
  </testcase> <!-- @BeforeMethod launchApplication -->
  <testcase classname="GenericsBank.BaseclassUtility" name="@AfterMethod closeApplication" time="0.0">
    <skipped/>
  </testcase> <!-- @AfterMethod closeApplication -->
  <testcase classname="GenericsBank.BaseclassUtility" name="@AfterClass closeBrowser" time="0.0">
    <skipped/>
  </testcase> <!-- @AfterClass closeBrowser -->
  <testcase classname="Pract1.Demo1" name="test3" time="0.0">
    <skipped/>
  </testcase> <!-- test3 -->
  <testcase classname="Pract1.Demo1" name="test4" time="0.0">
    <skipped/>
  </testcase> <!-- test4 -->
</testsuite> <!-- Test -->
